CRITICAL - 2024-09-20 14:17:38 --> ErrorException: Undefined variable $title
[Method: GET, Route: /]
in APPPATH\Views\Temple\Head.php on line 9.
 1 APPPATH\Views\Temple\Head.php(9): CodeIgniter\Debug\Exceptions->errorHandler(2, 'Undefined variable $title', 'C:\\xampp\\htdocs\\profile\\portfolio_\\Version_01\\PO_200\\app\\Views\\Temple\\Head.php', 9)
 2 SYSTEMPATH\View\View.php(234): include('C:\\xampp\\htdocs\\profile\\portfolio_\\Version_01\\PO_200\\app\\Views\\Temple\\Head.php')
 3 SYSTEMPATH\View\View.php(237): CodeIgniter\View\View->CodeIgniter\View\{closure}()
 4 SYSTEMPATH\Common.php(1169): CodeIgniter\View\View->render('Temple/Head', [], true)
 5 APPPATH\Controllers\Home.php(12): view('Temple/Head')
 6 SYSTEMPATH\CodeIgniter.php(933): App\Controllers\Home->index()
 7 SYSTEMPATH\CodeIgniter.php(509): CodeIgniter\CodeIgniter->runController(Object(App\Controllers\Home))
 8 SYSTEMPATH\CodeIgniter.php(355): CodeIgniter\CodeIgniter->handleRequest(null, Object(Config\Cache), false)
 9 SYSTEMPATH\Boot.php(325): CodeIgniter\CodeIgniter->run()
10 SYSTEMPATH\Boot.php(67): CodeIgniter\Boot::runCodeIgniter(Object(CodeIgniter\CodeIgniter))
11 FCPATH\index.php(56): CodeIgniter\Boot::bootWeb(Object(Config\Paths))
12 SYSTEMPATH\rewrite.php(44): require_once('C:\\xampp\\htdocs\\profile\\portfolio_\\Version_01\\PO_200\\public\\index.php')
CRITICAL - 2024-09-20 14:18:23 --> ErrorException: Undefined variable $title
[Method: GET, Route: /]
in APPPATH\Views\Temple\Head.php on line 9.
 1 APPPATH\Views\Temple\Head.php(9): CodeIgniter\Debug\Exceptions->errorHandler(2, 'Undefined variable $title', 'C:\\xampp\\htdocs\\profile\\portfolio_\\Version_01\\PO_200\\app\\Views\\Temple\\Head.php', 9)
 2 SYSTEMPATH\View\View.php(234): include('C:\\xampp\\htdocs\\profile\\portfolio_\\Version_01\\PO_200\\app\\Views\\Temple\\Head.php')
 3 SYSTEMPATH\View\View.php(237): CodeIgniter\View\View->CodeIgniter\View\{closure}()
 4 SYSTEMPATH\Common.php(1169): CodeIgniter\View\View->render('Temple/Head', [], true)
 5 APPPATH\Controllers\Home.php(12): view('Temple/Head')
 6 SYSTEMPATH\CodeIgniter.php(933): App\Controllers\Home->index()
 7 SYSTEMPATH\CodeIgniter.php(509): CodeIgniter\CodeIgniter->runController(Object(App\Controllers\Home))
 8 SYSTEMPATH\CodeIgniter.php(355): CodeIgniter\CodeIgniter->handleRequest(null, Object(Config\Cache), false)
 9 SYSTEMPATH\Boot.php(325): CodeIgniter\CodeIgniter->run()
10 SYSTEMPATH\Boot.php(67): CodeIgniter\Boot::runCodeIgniter(Object(CodeIgniter\CodeIgniter))
11 FCPATH\index.php(56): CodeIgniter\Boot::bootWeb(Object(Config\Paths))
12 SYSTEMPATH\rewrite.php(44): require_once('C:\\xampp\\htdocs\\profile\\portfolio_\\Version_01\\PO_200\\public\\index.php')
CRITICAL - 2024-09-20 14:18:35 --> ErrorException: Undefined variable $title
[Method: GET, Route: /]
in APPPATH\Views\Temple\Head.php on line 9.
 1 APPPATH\Views\Temple\Head.php(9): CodeIgniter\Debug\Exceptions->errorHandler(2, 'Undefined variable $title', 'C:\\xampp\\htdocs\\profile\\portfolio_\\Version_01\\PO_200\\app\\Views\\Temple\\Head.php', 9)
 2 SYSTEMPATH\View\View.php(234): include('C:\\xampp\\htdocs\\profile\\portfolio_\\Version_01\\PO_200\\app\\Views\\Temple\\Head.php')
 3 SYSTEMPATH\View\View.php(237): CodeIgniter\View\View->CodeIgniter\View\{closure}()
 4 SYSTEMPATH\Common.php(1169): CodeIgniter\View\View->render('Temple/Head', [], true)
 5 APPPATH\Controllers\Home.php(12): view('Temple/Head')
 6 SYSTEMPATH\CodeIgniter.php(933): App\Controllers\Home->index()
 7 SYSTEMPATH\CodeIgniter.php(509): CodeIgniter\CodeIgniter->runController(Object(App\Controllers\Home))
 8 SYSTEMPATH\CodeIgniter.php(355): CodeIgniter\CodeIgniter->handleRequest(null, Object(Config\Cache), false)
 9 SYSTEMPATH\Boot.php(325): CodeIgniter\CodeIgniter->run()
10 SYSTEMPATH\Boot.php(67): CodeIgniter\Boot::runCodeIgniter(Object(CodeIgniter\CodeIgniter))
11 FCPATH\index.php(56): CodeIgniter\Boot::bootWeb(Object(Config\Paths))
12 SYSTEMPATH\rewrite.php(44): require_once('C:\\xampp\\htdocs\\profile\\portfolio_\\Version_01\\PO_200\\public\\index.php')
CRITICAL - 2024-09-20 15:16:07 --> ParseError: syntax error, unexpected token "break"
[Method: GET, Route: About]
in APPPATH\Controllers\Home.php on line 29.
 1 SYSTEMPATH\Autoloader\Autoloader.php(296): CodeIgniter\Autoloader\Autoloader->includeFile('C:\\xampp\\htdocs\\profile\\portfolio_\\Version_01\\PO_200\\app\\Controllers\\Home.php')
 2 SYSTEMPATH\Autoloader\Autoloader.php(272): CodeIgniter\Autoloader\Autoloader->loadInNamespace('App\\Controllers\\Home')
 3 [internal function]: CodeIgniter\Autoloader\Autoloader->loadClass('App\\Controllers\\Home')
 4 SYSTEMPATH\CodeIgniter.php(887): class_exists('\\App\\Controllers\\Home', true)
 5 SYSTEMPATH\CodeIgniter.php(496): CodeIgniter\CodeIgniter->startController()
 6 SYSTEMPATH\CodeIgniter.php(355): CodeIgniter\CodeIgniter->handleRequest(null, Object(Config\Cache), false)
 7 SYSTEMPATH\Boot.php(325): CodeIgniter\CodeIgniter->run()
 8 SYSTEMPATH\Boot.php(67): CodeIgniter\Boot::runCodeIgniter(Object(CodeIgniter\CodeIgniter))
 9 FCPATH\index.php(56): CodeIgniter\Boot::bootWeb(Object(Config\Paths))
10 SYSTEMPATH\rewrite.php(44): require_once('C:\\xampp\\htdocs\\profile\\portfolio_\\Version_01\\PO_200\\public\\index.php')
CRITICAL - 2024-09-20 15:19:25 --> CodeIgniter\View\Exceptions\ViewException: Invalid file: "Temple/Card_1.php"
[Method: GET, Route: About]
in SYSTEMPATH\Exceptions\FrameworkException.php on line 41.
 1 SYSTEMPATH\View\View.php(222): CodeIgniter\Exceptions\FrameworkException::forInvalidFile('Temple/Card_1.php')
 2 SYSTEMPATH\Common.php(1169): CodeIgniter\View\View->render('Temple/Card_1', [], true)
 3 APPPATH\Controllers\Home.php(27): view('Temple/Card_1')
 4 SYSTEMPATH\CodeIgniter.php(933): App\Controllers\Home->About()
 5 SYSTEMPATH\CodeIgniter.php(509): CodeIgniter\CodeIgniter->runController(Object(App\Controllers\Home))
 6 SYSTEMPATH\CodeIgniter.php(355): CodeIgniter\CodeIgniter->handleRequest(null, Object(Config\Cache), false)
 7 SYSTEMPATH\Boot.php(325): CodeIgniter\CodeIgniter->run()
 8 SYSTEMPATH\Boot.php(67): CodeIgniter\Boot::runCodeIgniter(Object(CodeIgniter\CodeIgniter))
 9 FCPATH\index.php(56): CodeIgniter\Boot::bootWeb(Object(Config\Paths))
10 SYSTEMPATH\rewrite.php(44): require_once('C:\\xampp\\htdocs\\profile\\portfolio_\\Version_01\\PO_200\\public\\index.php')
CRITICAL - 2024-09-20 15:20:18 --> CodeIgniter\View\Exceptions\ViewException: Invalid file: "Temple/Card_1.php"
[Method: GET, Route: About]
in SYSTEMPATH\Exceptions\FrameworkException.php on line 41.
 1 SYSTEMPATH\View\View.php(222): CodeIgniter\Exceptions\FrameworkException::forInvalidFile('Temple/Card_1.php')
 2 SYSTEMPATH\Common.php(1169): CodeIgniter\View\View->render('Temple/Card_1', [], true)
 3 APPPATH\Controllers\Home.php(27): view('Temple/Card_1')
 4 SYSTEMPATH\CodeIgniter.php(933): App\Controllers\Home->About()
 5 SYSTEMPATH\CodeIgniter.php(509): CodeIgniter\CodeIgniter->runController(Object(App\Controllers\Home))
 6 SYSTEMPATH\CodeIgniter.php(355): CodeIgniter\CodeIgniter->handleRequest(null, Object(Config\Cache), false)
 7 SYSTEMPATH\Boot.php(325): CodeIgniter\CodeIgniter->run()
 8 SYSTEMPATH\Boot.php(67): CodeIgniter\Boot::runCodeIgniter(Object(CodeIgniter\CodeIgniter))
 9 FCPATH\index.php(56): CodeIgniter\Boot::bootWeb(Object(Config\Paths))
10 SYSTEMPATH\rewrite.php(44): require_once('C:\\xampp\\htdocs\\profile\\portfolio_\\Version_01\\PO_200\\public\\index.php')
CRITICAL - 2024-09-20 15:20:21 --> CodeIgniter\View\Exceptions\ViewException: Invalid file: "Temple/Card_1.php"
[Method: GET, Route: About]
in SYSTEMPATH\Exceptions\FrameworkException.php on line 41.
 1 SYSTEMPATH\View\View.php(222): CodeIgniter\Exceptions\FrameworkException::forInvalidFile('Temple/Card_1.php')
 2 SYSTEMPATH\Common.php(1169): CodeIgniter\View\View->render('Temple/Card_1', [], true)
 3 APPPATH\Controllers\Home.php(27): view('Temple/Card_1')
 4 SYSTEMPATH\CodeIgniter.php(933): App\Controllers\Home->About()
 5 SYSTEMPATH\CodeIgniter.php(509): CodeIgniter\CodeIgniter->runController(Object(App\Controllers\Home))
 6 SYSTEMPATH\CodeIgniter.php(355): CodeIgniter\CodeIgniter->handleRequest(null, Object(Config\Cache), false)
 7 SYSTEMPATH\Boot.php(325): CodeIgniter\CodeIgniter->run()
 8 SYSTEMPATH\Boot.php(67): CodeIgniter\Boot::runCodeIgniter(Object(CodeIgniter\CodeIgniter))
 9 FCPATH\index.php(56): CodeIgniter\Boot::bootWeb(Object(Config\Paths))
10 SYSTEMPATH\rewrite.php(44): require_once('C:\\xampp\\htdocs\\profile\\portfolio_\\Version_01\\PO_200\\public\\index.php')
CRITICAL - 2024-09-20 15:20:37 --> CodeIgniter\View\Exceptions\ViewException: Invalid file: "Temple/Card_1.php"
[Method: GET, Route: About]
in SYSTEMPATH\Exceptions\FrameworkException.php on line 41.
 1 SYSTEMPATH\View\View.php(222): CodeIgniter\Exceptions\FrameworkException::forInvalidFile('Temple/Card_1.php')
 2 SYSTEMPATH\Common.php(1169): CodeIgniter\View\View->render('Temple/Card_1', [], true)
 3 APPPATH\Controllers\Home.php(27): view('Temple/Card_1')
 4 SYSTEMPATH\CodeIgniter.php(933): App\Controllers\Home->About()
 5 SYSTEMPATH\CodeIgniter.php(509): CodeIgniter\CodeIgniter->runController(Object(App\Controllers\Home))
 6 SYSTEMPATH\CodeIgniter.php(355): CodeIgniter\CodeIgniter->handleRequest(null, Object(Config\Cache), false)
 7 SYSTEMPATH\Boot.php(325): CodeIgniter\CodeIgniter->run()
 8 SYSTEMPATH\Boot.php(67): CodeIgniter\Boot::runCodeIgniter(Object(CodeIgniter\CodeIgniter))
 9 FCPATH\index.php(56): CodeIgniter\Boot::bootWeb(Object(Config\Paths))
10 SYSTEMPATH\rewrite.php(44): require_once('C:\\xampp\\htdocs\\profile\\portfolio_\\Version_01\\PO_200\\public\\index.php')
CRITICAL - 2024-09-20 15:21:11 --> ParseError: syntax error, unexpected token "."
[Method: GET, Route: About]
in APPPATH\Controllers\Home.php on line 26.
 1 SYSTEMPATH\Autoloader\Autoloader.php(296): CodeIgniter\Autoloader\Autoloader->includeFile('C:\\xampp\\htdocs\\profile\\portfolio_\\Version_01\\PO_200\\app\\Controllers\\Home.php')
 2 SYSTEMPATH\Autoloader\Autoloader.php(272): CodeIgniter\Autoloader\Autoloader->loadInNamespace('App\\Controllers\\Home')
 3 [internal function]: CodeIgniter\Autoloader\Autoloader->loadClass('App\\Controllers\\Home')
 4 SYSTEMPATH\CodeIgniter.php(887): class_exists('\\App\\Controllers\\Home', true)
 5 SYSTEMPATH\CodeIgniter.php(496): CodeIgniter\CodeIgniter->startController()
 6 SYSTEMPATH\CodeIgniter.php(355): CodeIgniter\CodeIgniter->handleRequest(null, Object(Config\Cache), false)
 7 SYSTEMPATH\Boot.php(325): CodeIgniter\CodeIgniter->run()
 8 SYSTEMPATH\Boot.php(67): CodeIgniter\Boot::runCodeIgniter(Object(CodeIgniter\CodeIgniter))
 9 FCPATH\index.php(56): CodeIgniter\Boot::bootWeb(Object(Config\Paths))
10 SYSTEMPATH\rewrite.php(44): require_once('C:\\xampp\\htdocs\\profile\\portfolio_\\Version_01\\PO_200\\public\\index.php')
